[ 2016-07-15T21:52:16+08:00 ] 127.0.0.1 /imooc/index.php/Home/Course/
ERR: 非法操作:login

[ 2016-07-15T21:58:02+08:00 ] 127.0.0.1 /imooc/index.php/Home/Course/index?id=10
ERR: 1065:Query was empty

[ 2016-07-15T22:08:49+08:00 ] 127.0.0.1 /imooc/index.php/Home/Course/index?cid=12&status=2
ERR: 1064:You have an error in your SQL syntax; check the manual that corresponds to your MySQL server version for the right syntax to use near ')' at line 1
 [ SQL语句 ] : SELECT * FROM `category` WHERE ( parent_id =  ) 

[ 2016-07-15T22:08:55+08:00 ] 127.0.0.1 /imooc/index.php/Home/Course/index?cid=12&status=2
ERR: 1064:You have an error in your SQL syntax; check the manual that corresponds to your MySQL server version for the right syntax to use near ')' at line 1
 [ SQL语句 ] : SELECT * FROM `category` WHERE ( parent_id =  ) 

[ 2016-07-15T22:09:07+08:00 ] 127.0.0.1 /imooc/index.php/Home/Course/index?cid=12&status=2
ERR: 1064:You have an error in your SQL syntax; check the manual that corresponds to your MySQL server version for the right syntax to use near ')' at line 1
 [ SQL语句 ] : SELECT * FROM `category` WHERE ( parent_id =  ) 

[ 2016-07-15T22:10:40+08:00 ] 127.0.0.1 /imooc/index.php/Home/Course/index?id=1&cid=6
ERR: 1064:You have an error in your SQL syntax; check the manual that corresponds to your MySQL server version for the right syntax to use near ')' at line 1
 [ SQL语句 ] : SELECT * FROM `category` WHERE ( parent_id =  ) 

[ 2016-07-15T22:10:44+08:00 ] 127.0.0.1 /imooc/index.php/Home/Course/index?id=10&cid=6
ERR: 1064:You have an error in your SQL syntax; check the manual that corresponds to your MySQL server version for the right syntax to use near ')' at line 1
 [ SQL语句 ] : SELECT * FROM `category` WHERE ( parent_id =  ) 

[ 2016-07-15T22:10:48+08:00 ] 127.0.0.1 /imooc/index.php/Home/Course/index?id=5&cid=7
ERR: 1064:You have an error in your SQL syntax; check the manual that corresponds to your MySQL server version for the right syntax to use near ')' at line 1
 [ SQL语句 ] : SELECT * FROM `category` WHERE ( parent_id =  ) 

[ 2016-07-15T22:10:54+08:00 ] 127.0.0.1 /imooc/index.php/Home/Course/index?id=5&cid=6
ERR: 1064:You have an error in your SQL syntax; check the manual that corresponds to your MySQL server version for the right syntax to use near ')' at line 1
 [ SQL语句 ] : SELECT * FROM `category` WHERE ( parent_id =  ) 

[ 2016-07-15T22:10:55+08:00 ] 127.0.0.1 /imooc/index.php/Home/Course/index?id=10&cid=6
ERR: 1064:You have an error in your SQL syntax; check the manual that corresponds to your MySQL server version for the right syntax to use near ')' at line 1
 [ SQL语句 ] : SELECT * FROM `category` WHERE ( parent_id =  ) 

[ 2016-07-15T22:36:51+08:00 ] ::1 /imooc/index.php/Home/Course/index?cid=2
ERR: 1064:You have an error in your SQL syntax; check the manual that corresponds to your MySQL server version for the right syntax to use near ')' at line 1
 [ SQL语句 ] : SELECT * FROM `category` WHERE ( parent_id =  ) 

[ 2016-07-15T22:42:56+08:00 ] ::1 /imooc/index.php/Home/Course/index?
ERR: 1064:You have an error in your SQL syntax; check the manual that corresponds to your MySQL server version for the right syntax to use near ')' at line 1
 [ SQL语句 ] : SELECT * FROM `category` WHERE ( parent_id =  ) 

[ 2016-07-15T22:53:18+08:00 ] ::1 /imooc/index.php/Home/Course/index?
ERR: 1064:You have an error in your SQL syntax; check the manual that corresponds to your MySQL server version for the right syntax to use near ')' at line 1
 [ SQL语句 ] : SELECT * FROM `category` WHERE ( parent_id =  ) 

[ 2016-07-15T23:43:37+08:00 ] ::1 /imooc/index.php/Home/Course/index?id=5&cid=8&status=1
ERR: 1064:You have an error in your SQL syntax; check the manual that corresponds to your MySQL server version for the right syntax to use near 'status = 1 )' at line 1
 [ SQL语句 ] : SELECT * FROM `course` WHERE (  2>1 AND category_id = 8 status = 1 ) 

[ 2016-07-15T23:43:43+08:00 ] ::1 /imooc/index.php/Home/Course/index?id=5&cid=8&status=3
ERR: 1064:You have an error in your SQL syntax; check the manual that corresponds to your MySQL server version for the right syntax to use near 'status = 3 )' at line 1
 [ SQL语句 ] : SELECT * FROM `course` WHERE (  2>1 AND category_id = 8 status = 3 ) 

[ 2016-07-15T23:44:04+08:00 ] ::1 /imooc/index.php/Home/Course/index?id=5&cid=8&status=1
ERR: 1064:You have an error in your SQL syntax; check the manual that corresponds to your MySQL server version for the right syntax to use near 'status = 1 )' at line 1
 [ SQL语句 ] : SELECT * FROM `course` WHERE (  2>1 AND category_id = 8 status = 1 ) 

[ 2016-07-15T23:44:18+08:00 ] ::1 /imooc/index.php/Home/Course/index?id=5&cid=8&status=1
ERR: 1064:You have an error in your SQL syntax; check the manual that corresponds to your MySQL server version for the right syntax to use near 'status = 1 )' at line 1
 [ SQL语句 ] : SELECT * FROM `course` WHERE (  2>1 AND category_id = 8 status = 1 ) 

[ 2016-07-15T23:47:54+08:00 ] ::1 /imooc/index.php/Home/Course/index?status=1
ERR: 1064:You have an error in your SQL syntax; check the manual that corresponds to your MySQL server version for the right syntax to use near 'AND status = 1 )' at line 1
 [ SQL语句 ] : SELECT * FROM `course` WHERE (  2>1 AND category_id =  AND status = 1 ) 

[ 2016-07-15T23:47:58+08:00 ] ::1 /imooc/index.php/Home/Course/index?status=1
ERR: 1064:You have an error in your SQL syntax; check the manual that corresponds to your MySQL server version for the right syntax to use near 'AND status = 1 )' at line 1
 [ SQL语句 ] : SELECT * FROM `course` WHERE (  2>1 AND category_id =  AND status = 1 ) 

[ 2016-07-15T23:48:11+08:00 ] ::1 /imooc/index.php/Home/Course/index?status=1
ERR: 1064:You have an error in your SQL syntax; check the manual that corresponds to your MySQL server version for the right syntax to use near 'AND status = 1 )' at line 1
 [ SQL语句 ] : SELECT * FROM `course` WHERE (  2>1 AND category_id =  AND status = 1 ) 

[ 2016-07-15T23:51:33+08:00 ] ::1 /imooc/index.php/Home/Course/cat/s/javascript
ERR: 非法操作:cat

[ 2016-07-15T23:51:37+08:00 ] ::1 /imooc/index.php/Home/Course/cat/s/php
ERR: 非法操作:cat

[ 2016-07-15T23:53:42+08:00 ] ::1 /imooc/index.php/Home/Course/?id/12
ERR: 非法操作:login

